Demo2048GamePad/proguard/seeds.txt
com.example.mygame2048.AnimLayer
com.example.mygame2048.AnimLayer: AnimLayer(android.content.Context,android.util.AttributeSet,int)
com.example.mygame2048.AnimLayer: AnimLayer(android.content.Context,android.util.AttributeSet)
com.example.mygame2048.AnimLayer: AnimLayer(android.content.Context)
com.example.mygame2048.BaseActivity: BaseActivity()
com.example.mygame2048.Card: int getNum()
com.example.mygame2048.Card: void setNum(int)
com.example.mygame2048.Card: android.widget.TextView getLabel()
com.example.mygame2048.GameView
com.example.mygame2048.GameView: GameView(android.content.Context,android.util.AttributeSet,int)
com.example.mygame2048.GameView: GameView(android.content.Context,android.util.AttributeSet)
com.example.mygame2048.GameView: GameView(android.content.Context)
com.example.mygame2048.GameView: int getCardWidth()
com.example.mygame2048.GameView: void getRandomNum()
com.example.mygame2048.GameView$2: void onClick(android.content.DialogInterface,int)
com.example.mygame2048.MainActivity
com.example.mygame2048.MainActivity: MainActivity()
com.example.mygame2048.MainActivity: void onClick(android.view.View)
com.example.mygame2048.MainActivity$1: void onClick(android.view.View)
com.example.mygame2048.R$anim: int ko_alpha_in
com.example.mygame2048.R$anim: int ko_alpha_out
com.example.mygame2048.R$anim: int ko_bottom_alpha_in
com.example.mygame2048.R$anim: int ko_bottom_in
com.example.mygame2048.R$anim: int ko_bottom_in_self
com.example.mygame2048.R$anim: int ko_bottom_out
com.example.mygame2048.R$anim: int ko_fade_in
com.example.mygame2048.R$anim: int ko_fade_in_long_slow
com.example.mygame2048.R$anim: int ko_fade_in_slow
com.example.mygame2048.R$anim: int ko_fade_left_in
com.example.mygame2048.R$anim: int ko_fade_left_out
com.example.mygame2048.R$anim: int ko_fade_out
com.example.mygame2048.R$anim: int ko_fade_out_fast
com.example.mygame2048.R$anim: int ko_fade_out_long_slow
com.example.mygame2048.R$anim: int ko_fade_out_slow
com.example.mygame2048.R$anim: int ko_game_option_bt_zoom_enter
com.example.mygame2048.R$anim: int ko_left_in
com.example.mygame2048.R$anim: int ko_left_out
com.example.mygame2048.R$anim: int ko_radar_web
com.example.mygame2048.R$anim: int ko_right_in
com.example.mygame2048.R$anim: int ko_stamp_in
com.example.mygame2048.R$anim: int ko_top_alpha_out
com.example.mygame2048.R$anim: int ko_top_in
com.example.mygame2048.R$anim: int ko_top_out_in_self
com.example.mygame2048.R$anim: int ko_window_left_in
com.example.mygame2048.R$anim: int ko_window_right_in
com.example.mygame2048.R$anim: int ko_window_right_out
com.example.mygame2048.R$anim: int ko_zoom_enter
com.example.mygame2048.R$animator: int ko_card_flip_bottom_in
com.example.mygame2048.R$animator: int ko_card_flip_top_out
com.example.mygame2048.R$animator: int ko_left_in
com.example.mygame2048.R$animator: int ko_left_out
com.example.mygame2048.R$animator: int ko_top_alpha_out
com.example.mygame2048.R$animator: int ko_top_in
com.example.mygame2048.R$array: int ko_app_filter_list
com.example.mygame2048.R$array: int ko_every_one_serach
com.example.mygame2048.R$array: int ko_file_type_list
com.example.mygame2048.R$array: int ko_lazy_load_resources
com.example.mygame2048.R$array: int ko_process_white_list
...
cn.vszone.gamepad.android.R$anim
cn.vszone.gamepad.android.R$anim: int ko_alpha_in
cn.vszone.gamepad.android.R$anim: int ko_alpha_out
cn.vszone.gamepad.android.R$anim: int ko_bottom_alpha_in
cn.vszone.gamepad.android.R$anim: int ko_bottom_in
cn.vszone.gamepad.android.R$anim: int ko_bottom_in_self
cn.vszone.gamepad.android.R$anim: int ko_bottom_out
cn.vszone.gamepad.android.R$anim: int ko_fade_in
cn.vszone.gamepad.android.R$anim: int ko_fade_in_long_slow
cn.vszone.gamepad.android.R$anim: int ko_fade_in_slow
cn.vszone.gamepad.android.R$anim: int ko_fade_left_in
cn.vszone.gamepad.android.R$anim: int ko_fade_left_out
cn.vszone.gamepad.android.R$anim: int ko_fade_out
cn.vszone.gamepad.android.R$anim: int ko_fade_out_fast
cn.vszone.gamepad.android.R$anim: int ko_fade_out_long_slow
cn.vszone.gamepad.android.R$anim: int ko_fade_out_slow
cn.vszone.gamepad.android.R$anim: int ko_game_option_bt_zoom_enter
cn.vszone.gamepad.android.R$anim: int ko_left_in
cn.vszone.gamepad.android.R$anim: int ko_left_out
cn.vszone.gamepad.android.R$anim: int ko_radar_web
cn.vszone.gamepad.android.R$anim: int ko_right_in
cn.vszone.gamepad.android.R$anim: int ko_stamp_in
cn.vszone.gamepad.android.R$anim: int ko_top_alpha_out
cn.vszone.gamepad.android.R$anim: int ko_top_in
cn.vszone.gamepad.android.R$anim: int ko_top_out_in_self
cn.vszone.gamepad.android.R$anim: int ko_window_left_in
cn.vszone.gamepad.android.R$anim: int ko_window_right_in
cn.vszone.gamepad.android.R$animator
cn.vszone.gamepad.android.R$animator: int ko_card_flip_bottom_in
cn.vszone.gamepad.android.R$animator: int ko_card_flip_top_out
cn.vszone.gamepad.android.R$animator: int ko_left_in
cn.vszone.gamepad.android.R$animator: int ko_left_out
cn.vszone.gamepad.android.R$animator: int ko_top_alpha_out
cn.vszone.gamepad.android.R$animator: int ko_top_in
cn.vszone.gamepad.android.R$animator: R$animator()
cn.vszone.gamepad.android.R$array
cn.vszone.gamepad.android.R$array: int ko_app_filter_list
cn.vszone.gamepad.android.R$array: int ko_every_one_serach
cn.vszone.gamepad.android.R$array: int ko_file_type_list
cn.vszone.gamepad.android.R$array: int ko_lazy_load_resources
cn.vszone.gamepad.android.R$array: int ko_process_white_list
cn.vszone.gamepad.android.R$array: R$array()
cn.vszone.gamepad.android.R$attr
cn.vszone.gamepad.android.R$attr: int autoCenterPointerInSlice
cn.vszone.gamepad.android.R$attr: int backgroundColor
cn.vszone.gamepad.android.R$attr: int border_color
cn.vszone.gamepad.android.R$attr: int border_width
cn.vszone.gamepad.android.R$attr: int corner_radius
cn.vszone.gamepad.android.R$attr: int drawableBottom
cn.vszone.gamepad.android.R$attr: int drawableLeft
cn.vszone.gamepad.android.R$attr: int drawableRight
cn.vszone.gamepad.android.R$attr: int drawableTop
cn.vszone.gamepad.android.R$attr: int highlightStrength
cn.vszone.gamepad.android.R$attr: int labelColor
cn.vszone.gamepad.android.R$attr: int labelHeight
cn.vszone.gamepad.android.R$attr: int labelPosition
cn.vszone.gamepad.android.R$attr: int labelWidth
cn.vszone.gamepad.android.R$attr: int labelY
cn.vszone.gamepad.android.R$attr: int lineSpacingExtra
cn.vszone.gamepad.android.R$attr: int metaButtonBarButtonStyle
cn.vszone.gamepad.android.R$attr: int metaButtonBarStyle
cn.vszone.gamepad.android.R$attr: int minLength
cn.vszone.gamepad.android.R$attr: int mutate_background
cn.vszone.gamepad.android.R$attr: int number
cn.vszone.gamepad.android.R$attr: int numberBackground
cn.vszone.gamepad.android.R$attr: int numberSpacing
cn.vszone.gamepad.android.R$attr: int oval
cn.vszone.gamepad.android.R$attr: int pieRotation
cn.vszone.gamepad.android.R$attr: int pointerRadius
cn.vszone.gamepad.android.R$attr: int showText