Demo2048GamePad/proguard/mapping.txt
com.example.mygame2048.AnimLayer -> com.example.mygame2048.AnimLayer:
    java.util.List cards -> a
    void creatTranAnimLayer(com.example.mygame2048.Card,com.example.mygame2048.Card,int,int,int,int) -> a
    com.example.mygame2048.Card getcard(int) -> a
    void recylceCard(com.example.mygame2048.Card) -> a
    void creatScaleTo1(com.example.mygame2048.Card) -> b
com.example.mygame2048.AnimLayer$1 -> com.example.mygame2048.a:
    com.example.mygame2048.AnimLayer this$0 -> a
    com.example.mygame2048.Card val$to -> b
    com.example.mygame2048.Card val$card -> c
    void onAnimationStart(android.view.animation.Animation) -> onAnimationStart
    void onAnimationRepeat(android.view.animation.Animation) -> onAnimationRepeat
    void onAnimationEnd(android.view.animation.Animation) -> onAnimationEnd
com.example.mygame2048.BaseActivity -> com.example.mygame2048.b:
    com.example.mygame2048.BaseActivity$OnPlayerListenerIMP mOnPlayerListener -> a
    void onCreate(android.os.Bundle) -> onCreate
    boolean dispatchGenericMotionEvent(android.view.MotionEvent) -> dispatchGenericMotionEvent
    boolean dispatchKeyEvent(android.view.KeyEvent) -> dispatchKeyEvent
    void onDetachedFromWindow() -> onDetachedFromWindow
    void onResume() -> onResume
    void onPause() -> onPause
    void swipeRight() -> a
    void swipeLeft() -> b
    void swipeDown() -> c
    void swipeUp() -> d
com.example.mygame2048.BaseActivity$OnPlayerListenerIMP -> com.example.mygame2048.c:
    cn.vszone.gamepad.mapping.Joystick2DpadEvent mJoystick2DpadEvent -> a
    boolean DEBUG -> b
    android.util.SparseArray mAxisValues -> c
    com.example.mygame2048.BaseActivity this$0 -> d
    void OnPlayerEnter(cn.vszone.gamepad.bean.Player) -> OnPlayerEnter
    void OnPlayerExit(cn.vszone.gamepad.bean.Player) -> OnPlayerExit
    boolean onPlayerMotionEvent(cn.vszone.gamepad.bean.Player,android.view.MotionEvent) -> onPlayerMotionEvent
    boolean onPlayerKeyEvent(cn.vszone.gamepad.bean.Player,android.view.KeyEvent) -> onPlayerKeyEvent
    void handKeyEvent(android.view.KeyEvent) -> a
    void access$0(com.example.mygame2048.BaseActivity$OnPlayerListenerIMP,android.view.KeyEvent) -> a
com.example.mygame2048.BaseActivity$OnPlayerListenerIMP$1 -> com.example.mygame2048.d:
    com.example.mygame2048.BaseActivity$OnPlayerListenerIMP this$1 -> a
    void onDpadKey(int,android.view.KeyEvent) -> onDpadKey
com.example.mygame2048.Card -> com.example.mygame2048.e:
    int num -> a
    android.widget.TextView label -> b
    android.view.View background -> c
    int getNum() -> getNum
    void setNum(int) -> setNum
    boolean equals(com.example.mygame2048.Card) -> a
    android.widget.TextView getLabel() -> getLabel
com.example.mygame2048.GameView -> com.example.mygame2048.GameView:
    com.example.mygame2048.Card[][] cardsMap -> a
    java.util.List emptyPoint -> b
    int cardWidth -> c
    int getCardWidth() -> getCardWidth
    void initGameView() -> g
    void onSizeChanged(int,int,int,int) -> onSizeChanged
    void startGame() -> a
    void getRandomNum() -> getRandomNum
    void addCards(int,int) -> a
    void checkGameIsEnd() -> b
    void swipeLeft() -> c
    void swipeRight() -> d
    void onAttachedToWindow() -> onAttachedToWindow
    void onDetachedFromWindow() -> onDetachedFromWindow
    void swipeUp() -> e
    void swipeDown() -> f
com.example.mygame2048.GameView$1 -> com.example.mygame2048.f:
    float startX -> b
    float startY -> c
    float offsetX -> d
    float offsetY -> e
    com.example.mygame2048.GameView this$0 -> a
    boolean onTouch(android.view.View,android.view.MotionEvent) -> onTouch
com.example.mygame2048.GameView$2 -> com.example.mygame2048.g:
    com.example.mygame2048.GameView this$0 -> a
    void onClick(android.content.DialogInterface,int) -> onClick
...
com.nostra13.universalimageloader.cache.disc.DiscCacheAware -> com.b.a.a.a.a:
    java.io.File get(java.lang.String) -> a
    boolean save(java.lang.String,java.io.InputStream,com.nostra13.universalimageloader.utils.IoUtils$CopyListener) -> a
    boolean save(java.lang.String,android.graphics.Bitmap) -> a
com.nostra13.universalimageloader.cache.disc.DiskCache -> com.b.a.a.a.b:
com.nostra13.universalimageloader.cache.disc.impl.BaseDiscCache -> com.b.a.a.a.a.a:
    android.graphics.Bitmap$CompressFormat DEFAULT_COMPRESS_FORMAT -> a
    java.io.File cacheDir -> b
    java.io.File reserveCacheDir -> c
    com.nostra13.universalimageloader.cache.disc.naming.FileNameGenerator fileNameGenerator -> d
    int bufferSize -> e
    android.graphics.Bitmap$CompressFormat compressFormat -> f
    int compressQuality -> g
    java.io.File get(java.lang.String) -> a
    boolean save(java.lang.String,java.io.InputStream,com.nostra13.universalimageloader.utils.IoUtils$CopyListener) -> a
    boolean save(java.lang.String,android.graphics.Bitmap) -> a
    boolean remove(java.lang.String) -> b
    void clear() -> a
    java.io.File getFile(java.lang.String) -> c
com.nostra13.universalimageloader.cache.disc.impl.UnlimitedDiscCache -> com.b.a.a.a.a.b:
com.nostra13.universalimageloader.cache.disc.impl.ext.DiskLruCache -> com.b.a.a.a.a.a.a:
    java.util.regex.Pattern LEGAL_KEY_PATTERN -> a
    java.io.File directory -> c
    java.io.File journalFile -> d
    java.io.File journalFileTmp -> e
    java.io.File journalFileBackup -> f
    int appVersion -> g
    long maxSize -> h
    int maxFileCount -> i
    int valueCount -> j
    long size -> k
    int fileCount -> l
    java.io.Writer journalWriter -> m
    java.util.LinkedHashMap lruEntries -> n
    int redundantOpCount -> o
    long nextSequenceNumber -> p
    java.util.concurrent.ThreadPoolExecutor executorService -> b
    java.util.concurrent.Callable cleanupCallable -> q
    java.io.OutputStream NULL_OUTPUT_STREAM -> r
    com.nostra13.universalimageloader.cache.disc.impl.ext.DiskLruCache open(java.io.File,int,int,long,int) -> a
    void readJournal() -> c
    void readJournalLine(java.lang.String) -> d
    void processJournal() -> d
    void rebuildJournal() -> e
    void deleteIfExists(java.io.File) -> a
    void renameTo(java.io.File,java.io.File,boolean) -> a
    com.nostra13.universalimageloader.cache.disc.impl.ext.DiskLruCache$Snapshot get(java.lang.String) -> a
    com.nostra13.universalimageloader.cache.disc.impl.ext.DiskLruCache$Editor edit(java.lang.String) -> b
    com.nostra13.universalimageloader.cache.disc.impl.ext.DiskLruCache$Editor edit(java.lang.String,long) -> a
com.nostra13.universalimageloader.cache.disc.impl.ext.DiskLruCache$1 -> com.b.a.a.a.a.a.b:
    com.nostra13.universalimageloader.cache.disc.impl.ext.DiskLruCache this$0 -> a
    java.lang.Void call() -> a
    java.lang.Object call() -> call
com.nostra13.universalimageloader.cache.disc.impl.ext.DiskLruCache$2 -> com.b.a.a.a.a.a.c:
    void write(int) -> write
com.nostra13.universalimageloader.cache.disc.impl.ext.DiskLruCache$Editor -> com.b.a.a.a.a.a.d:
    com.nostra13.universalimageloader.cache.disc.impl.ext.DiskLruCache$Entry entry -> b
    boolean[] written -> c
    boolean hasErrors -> d
    boolean committed -> e
    com.nostra13.universalimageloader.cache.disc.impl.ext.DiskLruCache this$0 -> a
    java.io.OutputStream newOutputStream(int) -> a
    void commit() -> a
    void abort() -> b
    com.nostra13.universalimageloader.cache.disc.impl.ext.DiskLruCache$Entry access$1500(com.nostra13.universalimageloader.cache.disc.impl.ext.DiskLruCache$Editor) -> a
    boolean[] access$1600(com.nostra13.universalimageloader.cache.disc.impl.ext.DiskLruCache$Editor) -> b
    boolean access$2402(com.nostra13.universalimageloader.cache.disc.impl.ext.DiskLruCache$Editor,boolean) -> a