Demo2048GamePad/proguard/usage.txt
com.example.mygame2048.BaseActivity:
    133:135:protected void exit()
com.example.mygame2048.BuildConfig
com.example.mygame2048.MainActivity:
    public static final java.lang.String SP_KEY_BEST_SCORE
com.example.mygame2048.R
com.example.mygame2048.R$anim
com.example.mygame2048.R$animator
com.example.mygame2048.R$array
com.example.mygame2048.R$attr
com.example.mygame2048.R$color
com.example.mygame2048.R$dimen
com.example.mygame2048.R$drawable
com.example.mygame2048.R$id
com.example.mygame2048.R$layout
com.example.mygame2048.R$menu
com.example.mygame2048.R$string
com.example.mygame2048.R$style
...
android.support.v4.graphics.drawable.RoundedBitmapDrawable21
android.support.v4.graphics.drawable.RoundedBitmapDrawableFactory
android.support.v4.graphics.drawable.RoundedBitmapDrawableFactory$DefaultRoundedBitmapDrawable
android.support.v4.hardware.display.DisplayManagerCompat
android.support.v4.hardware.display.DisplayManagerCompat$JellybeanMr1Impl
android.support.v4.hardware.display.DisplayManagerCompat$LegacyImpl
android.support.v4.hardware.display.DisplayManagerJellybeanMr1
android.support.v4.internal.view.SupportMenu
android.support.v4.internal.view.SupportMenuItem
android.support.v4.internal.view.SupportSubMenu
android.support.v4.media.MediaMetadataCompat:
    private static final java.lang.String TAG
    public static final java.lang.String METADATA_KEY_TITLE
    public static final java.lang.String METADATA_KEY_ARTIST
    public static final java.lang.String METADATA_KEY_DURATION
    public static final java.lang.String METADATA_KEY_ALBUM
    public static final java.lang.String METADATA_KEY_AUTHOR
    public static final java.lang.String METADATA_KEY_WRITER
    public static final java.lang.String METADATA_KEY_COMPOSER
    public static final java.lang.String METADATA_KEY_COMPILATION
    public static final java.lang.String METADATA_KEY_DATE
    public static final java.lang.String METADATA_KEY_YEAR
    public static final java.lang.String METADATA_KEY_GENRE
    public static final java.lang.String METADATA_KEY_TRACK_NUMBER
    public static final java.lang.String METADATA_KEY_NUM_TRACKS
    public static final java.lang.String METADATA_KEY_DISC_NUMBER
    public static final java.lang.String METADATA_KEY_ALBUM_ARTIST
    public static final java.lang.String METADATA_KEY_ART
    public static final java.lang.String METADATA_KEY_ART_URI
    public static final java.lang.String METADATA_KEY_ALBUM_ART
    public static final java.lang.String METADATA_KEY_ALBUM_ART_URI
    public static final java.lang.String METADATA_KEY_USER_RATING
    public static final java.lang.String METADATA_KEY_RATING
android.support.v4.media.MediaMetadataCompat$Builder
android.support.v4.media.MediaMetadataCompatApi21
android.support.v4.media.MediaMetadataCompatApi21$Builder
android.support.v4.media.RatingCompat:
    private static final java.lang.String TAG
    public static final int RATING_NONE
    public static final int RATING_HEART
    public static final int RATING_THUMB_UP_DOWN
    public static final int RATING_3_STARS
    public static final int RATING_4_STARS
    public static final int RATING_5_STARS
    public static final int RATING_PERCENTAGE
    private static final float RATING_NOT_RATED
    private java.lang.Object mRatingObj
    130:139:public static android.support.v4.media.RatingCompat newUnratedRating(int)
    151:151:public static android.support.v4.media.RatingCompat newHeartRating(boolean)
    162:162:public static android.support.v4.media.RatingCompat newThumbRating(boolean)
    178:197:public static android.support.v4.media.RatingCompat newStarRating(int,float)
    208:212:public static android.support.v4.media.RatingCompat newPercentageRating(float)
    221:221:public boolean isRated()
    231:231:public int getRatingStyle()
    240:243:public boolean hasHeart()
    253:256:public boolean isThumbUp()
    266:274:public float getStarRating()
    284:287:public float getPercentRating()
    301:331:public static android.support.v4.media.RatingCompat fromRating(java.lang.Object)
    343:368:public java.lang.Object getRating()
android.support.v4.media.RatingCompatApi21
android.support.v4.media.TransportController
android.support.v4.media.TransportMediator
android.support.v4.media.TransportMediator$1
android.support.v4.media.TransportMediator$2
android.support.v4.media.TransportMediatorCallback
android.support.v4.media.TransportMediatorJellybeanMR2
android.support.v4.media.TransportMediatorJellybeanMR2$1